<?xml version="1.0" encoding="UTF-8"?>
<!-- Generated by org.testng.reporters.JUnitXMLReporter -->
<testsuite ignored="0" hostname="QA1082" failures="0" tests="3" name="AppTest firefox" time="16.929" errors="0" timestamp="2024-07-21T17:57:37 IST">
  <testcase classname="singletonPatterDemoTest.AppTest" name="testGoogle" time="2.316"/>
  <testcase classname="singletonPatterDemoTest.AppTest" name="testGoogle" time="5.855"/>
  <testcase classname="singletonPatterDemoTest.AppTest" name="testGoogle" time="2.601"/>
</testsuite> <!-- AppTest firefox -->
