<?xml version="1.0" encoding="UTF-8"?>
<testng-results ignored="0" total="1" passed="1" failed="0" skipped="0">
  <reporter-output>
  </reporter-output>
  <suite started-at="2024-07-21T17:57:20 IST" name="TestNG Regression Suite" finished-at="2024-07-21T17:57:37 IST" duration-ms="16929">
    <groups>
    </groups>
    <test started-at="2024-07-21T17:57:20 IST" name="AppTest firefox" finished-at="2024-07-21T17:57:37 IST" duration-ms="16929">
      <class name="singletonPatterDemoTest.AppTest">
        <test-method is-config="true" signature="setUp(java.lang.String)[pri:0, instance:singletonPatterDemoTest.AppTest@4a22f9e2]" started-at="2024-07-21T17:57:20 IST" name="setUp" finished-at="2024-07-21T17:57:31 IST" duration-ms="11389" status="PASS">
          <params>
            <param index="0">
              <value>
                <![CDATA[firefox]]>
              </value>
            </param>
          </params>
          <reporter-output>
          </reporter-output>
        </test-method> <!-- setUp -->
        <test-method signature="testGoogle()[pri:0, instance:singletonPatterDemoTest.AppTest@4a22f9e2]" started-at="2024-07-21T17:57:31 IST" name="testGoogle" finished-at="2024-07-21T17:57:34 IST" duration-ms="2601" status="PASS">
          <reporter-output>
          </reporter-output>
        </test-method> <!-- testGoogle -->
        <test-method is-config="true" signature="tearDown()[pri:0, instance:singletonPatterDemoTest.AppTest@4a22f9e2]" started-at="2024-07-21T17:57:34 IST" name="tearDown" finished-at="2024-07-21T17:57:37 IST" duration-ms="2894" status="PASS">
          <reporter-output>
          </reporter-output>
        </test-method> <!-- tearDown -->
      </class> <!-- singletonPatterDemoTest.AppTest -->
    </test> <!-- AppTest firefox -->
  </suite> <!-- TestNG Regression Suite -->
</testng-results>
